Start testing: Mar 10 18:59 +07
----------------------------------------------------------
1/1 Testing: check_temperature
1/1 Test: check_temperature
Command: "/home/ivan/SoftwareDevelopmentTechnologiesTasks/Task4/build/test/check_temperature_tests"
Directory: /home/ivan/SoftwareDevelopmentTechnologiesTasks/Task4/build/test
"check_temperature" start time: Mar 10 18:59 +07
Output:
----------------------------------------------------------
[==========] Running 2 tests from 1 test case.
[----------] Global test environment set-up.
[----------] 2 tests from check_temperature
[ RUN      ] check_temperature.greater_then_threshold
[       OK ] check_temperature.greater_then_threshold (0 ms)
[ RUN      ] check_temperature.lower_then_threshold
[       OK ] check_temperature.lower_then_threshold (0 ms)
[----------] 2 tests from check_temperature (0 ms total)

[----------] Global test environment tear-down
[==========] 2 tests from 1 test case ran. (0 ms total)
[  PASSED  ] 2 tests.
<end of output>
Test time =   0.00 sec
----------------------------------------------------------
Test Passed.
"check_temperature" end time: Mar 10 18:59 +07
"check_temperature" time elapsed: 00:00:00
----------------------------------------------------------

End testing: Mar 10 18:59 +07
